0 info it worked if it ends with ok
1 verbose cli [ '/usr/local/Cellar/node/8.7.0/bin/node',
1 verbose cli   '/usr/local/bin/npm',
1 verbose cli   'run',
1 verbose cli   'watch' ]
2 info using npm@4.1.2
3 info using node@v8.7.0
4 verbose run-script [ 'prewatch', 'watch', 'postwatch' ]
5 info lifecycle wonder-generate-index@0.0.1~prewatch: wonder-generate-index@0.0.1
6 silly lifecycle wonder-generate-index@0.0.1~prewatch: no script for prewatch, continuing
7 info lifecycle wonder-generate-index@0.0.1~watch: wonder-generate-index@0.0.1
8 verbose lifecycle wonder-generate-index@0.0.1~watch: unsafe-perm in lifecycle true
9 verbose lifecycle wonder-generate-index@0.0.1~watch: PATH: /usr/local/lib/node_modules/npm/bin/node-gyp-bin:/Users/y/Github/Wonder-GenerateIndex/node_modules/.bin:/usr/local/bin:/opt/local/sbin:/opt/local/bin:/usr/local/bin:/usr/bin:/bin:/usr/sbin:/sbin:/opt/local/sbin:/opt/local/bin:/usr/share/apache-ant-1.9.4/bin:/usr/share/apache-ant-1.9.4/bin
10 verbose lifecycle wonder-generate-index@0.0.1~watch: CWD: /Users/y/Github/Wonder-GenerateIndex
11 silly lifecycle wonder-generate-index@0.0.1~watch: Args: [ '-c', 'bsb -clean-world -make-world -w' ]
12 silly lifecycle wonder-generate-index@0.0.1~watch: Returned: code: 2  signal: null
13 info lifecycle wonder-generate-index@0.0.1~watch: Failed to exec watch script
14 verbose stack Error: wonder-generate-index@0.0.1 watch: `bsb -clean-world -make-world -w`
14 verbose stack Exit status 2
14 verbose stack     at EventEmitter.<anonymous> (/usr/local/lib/node_modules/npm/lib/utils/lifecycle.js:279:16)
14 verbose stack     at emitTwo (events.js:125:13)
14 verbose stack     at EventEmitter.emit (events.js:213:7)
14 verbose stack     at ChildProcess.<anonymous> (/usr/local/lib/node_modules/npm/lib/utils/spawn.js:40:14)
14 verbose stack     at emitTwo (events.js:125:13)
14 verbose stack     at ChildProcess.emit (events.js:213:7)
14 verbose stack     at maybeClose (internal/child_process.js:927:16)
14 verbose stack     at Process.ChildProcess._handle.onexit (internal/child_process.js:211:5)
15 verbose pkgid wonder-generate-index@0.0.1
16 verbose cwd /Users/y/Github/Wonder-GenerateIndex
17 error Darwin 14.5.0
18 error argv "/usr/local/Cellar/node/8.7.0/bin/node" "/usr/local/bin/npm" "run" "watch"
19 error node v8.7.0
20 error npm  v4.1.2
21 error code ELIFECYCLE
22 error wonder-generate-index@0.0.1 watch: `bsb -clean-world -make-world -w`
22 error Exit status 2
23 error Failed at the wonder-generate-index@0.0.1 watch script 'bsb -clean-world -make-world -w'.
23 error Make sure you have the latest version of node.js and npm installed.
23 error If you do, this is most likely a problem with the wonder-generate-index package,
23 error not with npm itself.
23 error Tell the author that this fails on your system:
23 error     bsb -clean-world -make-world -w
23 error You can get information on how to open an issue for this project with:
23 error     npm bugs wonder-generate-index
23 error Or if that isn't available, you can get their info via:
23 error     npm owner ls wonder-generate-index
23 error There is likely additional logging output above.
24 verbose exit [ 1, true ]
